<?xml version="1.0" encoding="UTF-8"?>
<!-- Generated by org.testng.reporters.JUnitReportReporter -->
<testsuite hostname="QT-INBG-LT0985" failures="0" tests="1" name="Homepage" time="19.152" errors="0" timestamp="2022-09-19T09:48:29 IST" skipped="0">
  <testcase classname="Homepage" name="homepage" time="19.152"/>
  <system-out/>
</testsuite> <!-- Homepage -->
