<?xml version="1.0" encoding="UTF-8"?>
<!-- Generated by org.testng.reporters.JUnitReportReporter -->
<testsuite hostname="QT-INBG-LT0985" failures="0" tests="1" name="script.scripts" time="34.773" errors="0" timestamp="2022-09-19T10:42:35 IST" skipped="0">
  <testcase classname="script.scripts" name="home" time="34.773"/>
  <system-out/>
</testsuite> <!-- script.scripts -->
