<?xml version="1.0" encoding="UTF-8"?>
<!-- Generated by org.testng.reporters.JUnitReportReporter -->
<testsuite hostname="QT-INBG-LT0985" failures="0" tests="1" name="Homepage" time="19.004" errors="0" timestamp="2022-09-16T17:01:31 IST" skipped="0">
  <testcase classname="Homepage" name="homepage" time="19.004"/>
  <system-out/>
</testsuite> <!-- Homepage -->
