<?xml version="1.0" encoding="UTF-8"?>
<!-- Generated by org.testng.reporters.JUnitReportReporter -->
<testsuite hostname="QT-INBG-LT0985" failures="0" tests="1" name="SignIn" time="7.831" errors="0" timestamp="2022-09-16T10:19:39 IST" skipped="0">
  <testcase classname="SignIn" name="Login" time="7.831"/>
  <system-out/>
</testsuite> <!-- SignIn -->
