<?xml version="1.0" encoding="UTF-8"?>
<!-- Generated by org.testng.reporters.JUnitReportReporter -->
<testsuite hostname="QT-INBG-LT0985" failures="0" tests="1" name="SignUp" time="8.712" errors="0" timestamp="2022-09-19T10:12:00 IST" skipped="0">
  <testcase classname="SignUp" name="register" time="8.712"/>
  <system-out/>
</testsuite> <!-- SignUp -->
